0 info it worked if it ends with ok
1 verbose cli [ 'C:\\Program Files\\nodejs\\node.exe',
1 verbose cli   'C:\\Users\\ZuumaPC\\AppData\\Roaming\\npm\\node_modules\\npm\\bin\\npm-cli.js',
1 verbose cli   'start' ]
2 info using npm@3.10.9
3 info using node@v6.9.4
4 verbose run-script [ 'prestart', 'start', 'poststart' ]
5 info lifecycle inverted-index@1.0.0~prestart: inverted-index@1.0.0
6 silly lifecycle inverted-index@1.0.0~prestart: no script for prestart, continuing
7 info lifecycle inverted-index@1.0.0~start: inverted-index@1.0.0
8 verbose lifecycle inverted-index@1.0.0~start: unsafe-perm in lifecycle true
9 verbose lifecycle inverted-index@1.0.0~start: PATH: C:\Users\ZuumaPC\AppData\Roaming\npm\node_modules\npm\bin\node-gyp-bin;C:\Users\ZuumaPC\Downloads\ANDELA\inverted-index\node_modules\.bin;C:\Python35-32\Scripts\;C:\Python35-32\;C:\Program Files (x86)\Common Files\Intel\Shared Files\cpp\bin\Intel64;C:\ProgramData\Oracle\Java\javapath;C:\WINDOWS\system32;C:\WINDOWS;C:\WINDOWS\System32\Wbem;C:\WINDOWS\System32\WindowsPowerShell\v1.0\;C:\xampp\php;C:\Program Files (x86)\Skype\Phone\;C:\Users\ZuumaPC\AppData\Roaming\npm;C:\Python27;C:\Program Files\Microsoft SQL Server\130\Tools\Binn\;C:\Program Files (x86)\Windows Kits\10\Windows Performance Toolkit\;C:\mongodb\bin;C:\ProgramData\ComposerSetup\bin;C:\Program Files (x86)\GNU\GnuPG\pub;C:\Program Files\OpenVPN\bin;C:\Program Files\Git\cmd;C:\Program Files\nodejs\;C:\Users\ZuumaPC\.dnx\bin;C:\Users\ZuumaPC\AppData\Local\Android\sdk\platform-tools;C:\Users\ZuumaPC\AppData\Local\Android\sdk\tools;C:\Program Files\nodejs;C:\Users\ZuumaPC\AppData\Roaming\Composer\vendor\bin;C:\Users\ZuumaPC\AppData\Local\Microsoft\WindowsApps;C:\Program Files\Heroku\bin;C:\Users\ZuumaPC\AppData\Roaming\npm
10 verbose lifecycle inverted-index@1.0.0~start: CWD: C:\Users\ZuumaPC\Downloads\ANDELA\inverted-index
11 silly lifecycle inverted-index@1.0.0~start: Args: [ '/d /s /c', 'node node_modules/gulp/bin/gulp' ]
12 silly lifecycle inverted-index@1.0.0~start: Returned: code: 1  signal: null
13 info lifecycle inverted-index@1.0.0~start: Failed to exec start script
14 verbose stack Error: inverted-index@1.0.0 start: `node node_modules/gulp/bin/gulp`
14 verbose stack Exit status 1
14 verbose stack     at EventEmitter.<anonymous> (C:\Users\ZuumaPC\AppData\Roaming\npm\node_modules\npm\lib\utils\lifecycle.js:255:16)
14 verbose stack     at emitTwo (events.js:106:13)
14 verbose stack     at EventEmitter.emit (events.js:191:7)
14 verbose stack     at ChildProcess.<anonymous> (C:\Users\ZuumaPC\AppData\Roaming\npm\node_modules\npm\lib\utils\spawn.js:40:14)
14 verbose stack     at emitTwo (events.js:106:13)
14 verbose stack     at ChildProcess.emit (events.js:191:7)
14 verbose stack     at maybeClose (internal/child_process.js:877:16)
14 verbose stack     at Process.ChildProcess._handle.onexit (internal/child_process.js:226:5)
15 verbose pkgid inverted-index@1.0.0
16 verbose cwd C:\Users\ZuumaPC\Downloads\ANDELA\inverted-index
17 error Windows_NT 10.0.14393
18 error argv "C:\\Program Files\\nodejs\\node.exe" "C:\\Users\\ZuumaPC\\AppData\\Roaming\\npm\\node_modules\\npm\\bin\\npm-cli.js" "start"
19 error node v6.9.4
20 error npm  v3.10.9
21 error code ELIFECYCLE
22 error inverted-index@1.0.0 start: `node node_modules/gulp/bin/gulp`
22 error Exit status 1
23 error Failed at the inverted-index@1.0.0 start script 'node node_modules/gulp/bin/gulp'.
23 error Make sure you have the latest version of node.js and npm installed.
23 error If you do, this is most likely a problem with the inverted-index package,
23 error not with npm itself.
23 error Tell the author that this fails on your system:
23 error     node node_modules/gulp/bin/gulp
23 error You can get information on how to open an issue for this project with:
23 error     npm bugs inverted-index
23 error Or if that isn't available, you can get their info via:
23 error     npm owner ls inverted-index
23 error There is likely additional logging output above.
24 verbose exit [ 1, true ]
